[2025-10-19 14:04:33] === STEP 1: Stopping service ===
[2025-10-19 14:04:33] ✓ Service stopped
[2025-10-19 14:04:33] === STEP 2: Pulling latest code ===
HEAD is now at 048ca4a logs: selfie deployment 20251019-140100 [SUCCESS]
[2025-10-19 14:04:33] ✓ Code updated to latest version
[2025-10-19 14:04:33] === STEP 3: Updating environment variables ===
[2025-10-19 14:04:33] ✓ Backed up existing .env (credentials are preserved)
[2025-10-19 14:04:33] Bio already configured
[2025-10-19 14:04:33] ✓ Twilio credentials already configured (preserved)
[2025-10-19 14:04:33] ✓ Resend API key already configured (preserved)
[2025-10-19 14:04:33] ✓ Environment configured
[2025-10-19 14:04:33] === STEP 4: Installing dependencies ===

> contact-exchange@0.1.0 postinstall
> prisma generate

Environment variables loaded from .env
Prisma schema loaded from prisma/schema.prisma

✔ Generated Prisma Client (v5.22.0) to ./node_modules/@prisma/client in 112ms

Start by importing your Prisma Client (See: https://pris.ly/d/importing-client)

Tip: Want to react to database changes in your app as they happen? Discover how with Pulse: https://pris.ly/tip-1-pulse


up to date, audited 515 packages in 6s

171 packages are looking for funding
  run `npm fund` for details

1 critical severity vulnerability

To address all issues, run:
  npm audit fix --force

Run `npm audit` for details.
[2025-10-19 14:04:39] ✓ Dependencies installed
[2025-10-19 14:04:39] === STEP 5: Creating missing UI components ===
[2025-10-19 14:04:39] Dialog component already exists
[2025-10-19 14:04:39] === STEP 6: Running database migration ===
Environment variables loaded from .env
Prisma schema loaded from prisma/schema.prisma
Datasource "db": PostgreSQL database "contact_exchange", schema "public" at "localhost:5432"

The database is already in sync with the Prisma schema.

Environment variables loaded from .env
Prisma schema loaded from prisma/schema.prisma

✔ Generated Prisma Client (v5.22.0) to ./node_modules/@prisma/client in 171ms

Start by importing your Prisma Client (See: https://pris.ly/d/importing-client)

Tip: Want to turn off tips and other hints? https://pris.ly/tip-4-nohints

[2025-10-19 14:04:44] ✓ Database updated with photo and conference fields
[2025-10-19 14:04:44] === STEP 7: Creating uploads directory ===
[2025-10-19 14:04:44] ✓ Uploads directory ready
[2025-10-19 14:04:44] === STEP 8: Building application ===

> contact-exchange@0.1.0 build
> next build

 ⚠ Invalid next.config.js options detected: 
 ⚠     Unrecognized key(s) in object: 'isrMemoryCacheSize' at "experimental"
 ⚠ See more info here: https://nextjs.org/docs/messages/invalid-next-config
  ▲ Next.js 14.2.14
  - Environments: .env

   Creating an optimized production build ...
 ✓ Compiled successfully
   Linting and checking validity of types ...
   Collecting page data ...
   Generating static pages (0/8) ...
   Generating static pages (2/8) 
   Generating static pages (4/8) 
   Generating static pages (6/8) 
 ✓ Generating static pages (8/8)
   Finalizing page optimization ...
   Collecting build traces ...

Route (app)                              Size     First Load JS
┌ ƒ /                                    142 B          87.3 kB
├ ○ /_not-found                          142 B          87.3 kB
├ ○ /admin                               31.6 kB         137 kB
├ ƒ /api/communications/email            0 B                0 B
├ ƒ /api/communications/sms              0 B                0 B
├ ƒ /api/contacts/[id]                   0 B                0 B
├ ƒ /api/contacts/[id]/communications    0 B                0 B
├ ƒ /api/contacts/[id]/status            0 B                0 B
├ ƒ /api/contacts/[id]/vcard             0 B                0 B
├ ƒ /api/contacts/list                   0 B                0 B
├ ƒ /api/contacts/submit                 0 B                0 B
├ ƒ /api/debug                           0 B                0 B
├ ƒ /api/templates                       0 B                0 B
├ ƒ /api/test/email                      0 B                0 B
├ ƒ /api/test/sms                        0 B                0 B
├ ƒ /api/upload/photo                    0 B                0 B
├ ƒ /api/uploads/[...path]               0 B                0 B
├ ○ /api/vcard                           0 B                0 B
└ ƒ /me                                  10.5 kB         112 kB
+ First Load JS shared by all            87.2 kB
  ├ chunks/117-ca9033809cf6eaa2.js       31.6 kB
  ├ chunks/fd9d1056-b88f8a4cc02eef8b.js  53.6 kB
  └ other shared chunks (total)          1.96 kB


○  (Static)   prerendered as static content
ƒ  (Dynamic)  server-rendered on demand

[2025-10-19 14:06:05] ✓ Build complete
[2025-10-19 14:06:05] === STEP 8.5: Setting up standalone static files ===
[2025-10-19 14:06:05] Copying public folder to standalone...
[2025-10-19 14:06:05] Copying .next/static to standalone...
[2025-10-19 14:06:05] Setting up uploads symlink...
[2025-10-19 14:06:05] ✓ Uploads symlinked for real-time access
[2025-10-19 14:06:05] ✓ Standalone static files ready
[2025-10-19 14:06:05] === STEP 9: Starting service ===
[2025-10-19 14:06:10] === STEP 10: Checking service status ===
[2025-10-19 14:06:10] ✓ Service is running
[2025-10-19 14:06:10] === STEP 11: Testing application ===
[2025-10-19 14:06:13] ✓ Local server responding (HTTP 307)
[2025-10-19 14:06:13] ✓ Public domain responding (HTTP 307)
[2025-10-19 14:06:13] === STEP 12: Testing Communication Features ===
[2025-10-19 14:06:13] Testing SMS (Twilio)...
[2025-10-19 14:06:14] ✓ SMS test sent to +16476242735
[2025-10-19 14:06:14] Testing Email (Resend)...
[2025-10-19 14:06:14] ✓ Email test sent to hbarker@ideanetworks.com
[2025-10-19 14:06:14] 
[2025-10-19 14:06:14] ✨ Your Selfie Experience is LIVE! ✨
[2025-10-19 14:06:14] 
[2025-10-19 14:06:14] 📱 PUBLIC URL:
[2025-10-19 14:06:14]    https://contacts.ideanetworks.com
[2025-10-19 14:06:14] 
[2025-10-19 14:06:14] 🔧 ADMIN DASHBOARD:
[2025-10-19 14:06:14]    https://contacts.ideanetworks.com/admin
[2025-10-19 14:06:14] 
[2025-10-19 14:06:14] ✅ WHAT'S DEPLOYED:
[2025-10-19 14:06:14]    • Landing page with your photo & bio
[2025-10-19 14:06:14]    • Selfie capture experience
[2025-10-19 14:06:14]    • Conference/event tracking
[2025-10-19 14:06:14]    • Fireworks celebration
[2025-10-19 14:06:14]    • vCards with embedded photos
[2025-10-19 14:06:14]    • SMS & WhatsApp & LinkedIn integration
[2025-10-19 14:06:14]    • Enhanced admin dashboard
[2025-10-19 14:06:14]    • Communication features tested automatically
[2025-10-19 14:06:14] 
[2025-10-19 14:06:14] 📋 NEXT STEPS:
[2025-10-19 14:06:14]    1. Check your phone (+16476242735) for test SMS
[2025-10-19 14:06:14]    2. Check your email (hbarker@ideanetworks.com) for test message
[2025-10-19 14:06:14]    3. Test full flow: https://contacts.ideanetworks.com
[2025-10-19 14:06:14]    4. Allow camera permissions and take a test selfie
[2025-10-19 14:06:14]    5. Check admin dashboard for your test contact
[2025-10-19 14:06:14]    6. Print your QR code!
[2025-10-19 14:06:14] 
[2025-10-19 14:06:14] 🎯 AT THE CONFERENCE:
[2025-10-19 14:06:14]    • Hand them your phone
[2025-10-19 14:06:14]    • Click 'Connect with Hayden'
[2025-10-19 14:06:14]    • Take selfie together (memorable moment!)
[2025-10-19 14:06:14]    • They fill quick form
[2025-10-19 14:06:14]    • Fireworks celebration 🎆
[2025-10-19 14:06:14]    • They download your vCard with photo
[2025-10-19 14:06:14] 
[2025-10-19 14:06:15] Full deployment log: /var/www/contact-exchange/deployment-logs/20251019-140433-selfie-deployment.log
[2025-10-19 14:06:15] Logs will be synced to GitHub automatically
[2025-10-19 14:06:15] === Syncing logs to GitHub ===
