● contact-exchange.service - Contact Exchange App
     Loaded: loaded (/etc/systemd/system/contact-exchange.service; enabled; vendor preset: enabled)
     Active: active (running) since Sun 2025-10-19 11:02:21 UTC; 5s ago
   Main PID: 2330 (npm start)
      Tasks: 23 (limit: 2213)
     Memory: 57.0M
        CPU: 819ms
     CGroup: /system.slice/contact-exchange.service
             ├─2330 "npm start" "" "" "" "" "" "" "" "" "" "" "" "" "" ""
             ├─2342 sh -c "next start"
             └─2343 "next-server (v14.2.14)" "" "" "" "" "" "" "" "" "" "" "" "" "" "" "" "" "" "" "" "" "" "" "" "" "" "" "" "" "" "" "" "" "" "" "" "" ""

Oct 19 11:02:22 contact-manager npm[2330]: > contact-exchange@0.1.0 start
Oct 19 11:02:22 contact-manager npm[2330]: > next start
Oct 19 11:02:22 contact-manager npm[2343]:   ▲ Next.js 14.2.14
Oct 19 11:02:22 contact-manager npm[2343]:   - Local:        http://localhost:3000
Oct 19 11:02:22 contact-manager npm[2343]:  ✓ Starting...
Oct 19 11:02:22 contact-manager npm[2343]:  ⚠ Invalid next.config.js options detected:
Oct 19 11:02:22 contact-manager npm[2343]:  ⚠     Unrecognized key(s) in object: 'isrMemoryCacheSize' at "experimental"
Oct 19 11:02:22 contact-manager npm[2343]:  ⚠ See more info here: https://nextjs.org/docs/messages/invalid-next-config
Oct 19 11:02:22 contact-manager npm[2343]:  ⚠ "next start" does not work with "output: standalone" configuration. Use "node .next/standalone/server.js" instead.
Oct 19 11:02:22 contact-manager npm[2343]:  ✓ Ready in 546ms
Oct 19 10:55:10 contact-manager npm[1925]:     at e (/var/www/contact-exchange/node_modules/next/dist/compiled/next-server/app-page.runtime.prod.js:12:137542)
Oct 19 10:55:10 contact-manager npm[1925]:     at ek (/var/www/contact-exchange/node_modules/next/dist/compiled/next-server/app-page.runtime.prod.js:12:138016)
Oct 19 10:55:10 contact-manager npm[1925]:     at Array.toJSON (/var/www/contact-exchange/node_modules/next/dist/compiled/next-server/app-page.runtime.prod.js:12:135626)
Oct 19 10:55:10 contact-manager npm[1925]:     at stringify (<anonymous>)
Oct 19 10:55:10 contact-manager npm[1925]:     at eP (/var/www/contact-exchange/node_modules/next/dist/compiled/next-server/app-page.runtime.prod.js:12:142090)
Oct 19 10:55:10 contact-manager npm[1925]:     at eE (/var/www/contact-exchange/node_modules/next/dist/compiled/next-server/app-page.runtime.prod.js:12:142569)
Oct 19 10:55:10 contact-manager npm[1925]:     at Timeout._onTimeout (/var/www/contact-exchange/node_modules/next/dist/compiled/next-server/app-page.runtime.prod.js:12:135346) {
Oct 19 10:55:10 contact-manager npm[1925]:   digest: '3226821874'
Oct 19 10:55:10 contact-manager npm[1925]: }
Oct 19 10:55:18 contact-manager npm[1925]: TypeError: a.useState is not a function or its return value is not iterable
Oct 19 10:55:18 contact-manager npm[1925]:     at /var/www/contact-exchange/.next/server/app/page.js:1:11878
Oct 19 10:55:18 contact-manager npm[1925]:     at T (/var/www/contact-exchange/.next/server/app/page.js:1:12037)
Oct 19 10:55:18 contact-manager npm[1925]:     at eh (/var/www/contact-exchange/node_modules/next/dist/compiled/next-server/app-page.runtime.prod.js:12:134657)
Oct 19 10:55:18 contact-manager npm[1925]:     at e (/var/www/contact-exchange/node_modules/next/dist/compiled/next-server/app-page.runtime.prod.js:12:137542)
Oct 19 10:55:18 contact-manager npm[1925]:     at ek (/var/www/contact-exchange/node_modules/next/dist/compiled/next-server/app-page.runtime.prod.js:12:138016)
Oct 19 10:55:18 contact-manager npm[1925]:     at Array.toJSON (/var/www/contact-exchange/node_modules/next/dist/compiled/next-server/app-page.runtime.prod.js:12:135626)
Oct 19 10:55:18 contact-manager npm[1925]:     at stringify (<anonymous>)
Oct 19 10:55:18 contact-manager npm[1925]:     at eP (/var/www/contact-exchange/node_modules/next/dist/compiled/next-server/app-page.runtime.prod.js:12:142090)
Oct 19 10:55:18 contact-manager npm[1925]:     at eE (/var/www/contact-exchange/node_modules/next/dist/compiled/next-server/app-page.runtime.prod.js:12:142569)
Oct 19 10:55:18 contact-manager npm[1925]:     at Timeout._onTimeout (/var/www/contact-exchange/node_modules/next/dist/compiled/next-server/app-page.runtime.prod.js:12:135346) {
Oct 19 10:55:18 contact-manager npm[1925]:   digest: '3226821874'
Oct 19 10:55:18 contact-manager npm[1925]: }
Oct 19 10:55:18 contact-manager npm[1925]: TypeError: a.useState is not a function or its return value is not iterable
Oct 19 10:55:18 contact-manager npm[1925]:     at /var/www/contact-exchange/.next/server/app/page.js:1:11878
Oct 19 10:55:18 contact-manager npm[1925]:     at T (/var/www/contact-exchange/.next/server/app/page.js:1:12037)
Oct 19 10:55:18 contact-manager npm[1925]:     at eh (/var/www/contact-exchange/node_modules/next/dist/compiled/next-server/app-page.runtime.prod.js:12:134657)
Oct 19 10:55:18 contact-manager npm[1925]:     at e (/var/www/contact-exchange/node_modules/next/dist/compiled/next-server/app-page.runtime.prod.js:12:137542)
Oct 19 10:55:18 contact-manager npm[1925]:     at ek (/var/www/contact-exchange/node_modules/next/dist/compiled/next-server/app-page.runtime.prod.js:12:138016)
Oct 19 10:55:18 contact-manager npm[1925]:     at Array.toJSON (/var/www/contact-exchange/node_modules/next/dist/compiled/next-server/app-page.runtime.prod.js:12:135626)
Oct 19 10:55:18 contact-manager npm[1925]:     at stringify (<anonymous>)
Oct 19 10:55:18 contact-manager npm[1925]:     at eP (/var/www/contact-exchange/node_modules/next/dist/compiled/next-server/app-page.runtime.prod.js:12:142090)
Oct 19 10:55:18 contact-manager npm[1925]:     at eE (/var/www/contact-exchange/node_modules/next/dist/compiled/next-server/app-page.runtime.prod.js:12:142569)
Oct 19 10:55:18 contact-manager npm[1925]:     at Timeout._onTimeout (/var/www/contact-exchange/node_modules/next/dist/compiled/next-server/app-page.runtime.prod.js:12:135346) {
Oct 19 10:55:18 contact-manager npm[1925]:   digest: '3226821874'
Oct 19 10:55:18 contact-manager npm[1925]: }
Oct 19 11:00:29 contact-manager systemd[1]: Stopping Contact Exchange App...
Oct 19 11:00:29 contact-manager systemd[1]: contact-exchange.service: Deactivated successfully.
Oct 19 11:00:29 contact-manager systemd[1]: Stopped Contact Exchange App.
Oct 19 11:00:29 contact-manager systemd[1]: contact-exchange.service: Consumed 1.387s CPU time.
Oct 19 11:02:21 contact-manager systemd[1]: Started Contact Exchange App.
Oct 19 11:02:22 contact-manager npm[2330]: > contact-exchange@0.1.0 start
Oct 19 11:02:22 contact-manager npm[2330]: > next start
Oct 19 11:02:22 contact-manager npm[2343]:   ▲ Next.js 14.2.14
Oct 19 11:02:22 contact-manager npm[2343]:   - Local:        http://localhost:3000
Oct 19 11:02:22 contact-manager npm[2343]:  ✓ Starting...
Oct 19 11:02:22 contact-manager npm[2343]:  ⚠ Invalid next.config.js options detected:
Oct 19 11:02:22 contact-manager npm[2343]:  ⚠     Unrecognized key(s) in object: 'isrMemoryCacheSize' at "experimental"
Oct 19 11:02:22 contact-manager npm[2343]:  ⚠ See more info here: https://nextjs.org/docs/messages/invalid-next-config
Oct 19 11:02:22 contact-manager npm[2343]:  ⚠ "next start" does not work with "output: standalone" configuration. Use "node .next/standalone/server.js" instead.
Oct 19 11:02:22 contact-manager npm[2343]:  ✓ Ready in 546ms
