[2025-10-20 12:41:19] === STEP 1: Stopping service ===
[2025-10-20 12:41:19] ✓ Service stopped
[2025-10-20 12:41:19] === STEP 2: Pulling latest code ===
From https://github.com/haydenbarker-idea/idea_contact_manager
   8dc5f0c..6dd1734  feature/viral-saas -> origin/feature/viral-saas
HEAD is now at aedf7dd fix: add missing ApiResponse fields (message, available) and UserProfile.photoUrl
[2025-10-20 12:41:19] ✓ Code updated to latest version
[2025-10-20 12:41:19] === STEP 3: Updating environment variables ===
[2025-10-20 12:41:19] ✓ Backed up existing .env (credentials are preserved)
[2025-10-20 12:41:19] Bio already configured
[2025-10-20 12:41:19] ✓ Twilio credentials already configured (preserved)
[2025-10-20 12:41:19] ✓ Resend API key already configured (preserved)
[2025-10-20 12:41:19] ✓ Environment configured
[2025-10-20 12:41:19] === STEP 4: Installing dependencies ===

> contact-exchange@0.1.0 postinstall
> prisma generate

Environment variables loaded from .env
Prisma schema loaded from prisma/schema.prisma

✔ Generated Prisma Client (v5.22.0) to ./node_modules/@prisma/client in 198ms

Start by importing your Prisma Client (See: https://pris.ly/d/importing-client)

Tip: Interested in query caching in just a few lines of code? Try Accelerate today! https://pris.ly/tip-3-accelerate


up to date, audited 517 packages in 6s

171 packages are looking for funding
  run `npm fund` for details

1 critical severity vulnerability

To address all issues, run:
  npm audit fix --force

Run `npm audit` for details.
[2025-10-20 12:41:26] ✓ Dependencies installed
[2025-10-20 12:41:26] === STEP 5: Creating missing UI components ===
[2025-10-20 12:41:26] Dialog component already exists
[2025-10-20 12:41:26] === STEP 6: Running database migration ===
Environment variables loaded from .env
Prisma schema loaded from prisma/schema.prisma
Datasource "db": PostgreSQL database "contact_exchange", schema "public" at "localhost:5432"

The database is already in sync with the Prisma schema.

Environment variables loaded from .env
Prisma schema loaded from prisma/schema.prisma

✔ Generated Prisma Client (v5.22.0) to ./node_modules/@prisma/client in 234ms

Start by importing your Prisma Client (See: https://pris.ly/d/importing-client)

Help us improve the Prisma ORM for everyone. Share your feedback in a short 2-min survey: https://pris.ly/orm/survey/release-5-22

[2025-10-20 12:41:32] ✓ Database updated with photo and conference fields
[2025-10-20 12:41:32] === STEP 7: Creating uploads directory ===
[2025-10-20 12:41:32] ✓ Uploads directory ready
[2025-10-20 12:41:32] === STEP 8: Building application ===

> contact-exchange@0.1.0 build
> next build

 ⚠ Invalid next.config.js options detected: 
 ⚠     Unrecognized key(s) in object: 'isrMemoryCacheSize' at "experimental"
 ⚠ See more info here: https://nextjs.org/docs/messages/invalid-next-config
  ▲ Next.js 14.2.14
  - Environments: .env

   Creating an optimized production build ...
 ✓ Compiled successfully
   Linting and checking validity of types ...
Failed to compile.

./src/components/contact-form.tsx:143:15
Type error: Type 'string | null | undefined' is not assignable to type 'string | number | readonly string[] | undefined'.
  Type 'null' is not assignable to type 'string | number | readonly string[] | undefined'.

[0m [90m 141 |[39m               type[33m=[39m[32m"tel"[39m[0m
[0m [90m 142 |[39m               placeholder[33m=[39m[32m"+1 (555) 123-4567"[39m[0m
[0m[31m[1m>[22m[39m[90m 143 |[39m               value[33m=[39m{formData[33m.[39mphone}[0m
[0m [90m     |[39m               [31m[1m^[22m[39m[0m
[0m [90m 144 |[39m               onChange[33m=[39m{(e) [33m=>[39m setFormData({ [33m...[39mformData[33m,[39m phone[33m:[39m e[33m.[39mtarget[33m.[39mvalue })}[0m
[0m [90m 145 |[39m             [33m/[39m[33m>[39m[0m
[0m [90m 146 |[39m           [33m<[39m[33m/[39m[33mdiv[39m[33m>[39m[0m
[2025-10-20 12:42:16] Creating missing prerender-manifest.json
[2025-10-20 12:42:16] ✗ Build failed - BUILD_ID not found
[2025-10-20 12:42:16] === Syncing logs to GitHub ===
