[2025-10-19 13:03:02] === STEP 1: Stopping service ===
[2025-10-19 13:03:02] ✓ Service stopped
[2025-10-19 13:03:02] === STEP 2: Pulling latest code ===
HEAD is now at 84783a4 fix: user selfie display in standalone mode - Replace Next.js Image with native img tag for uploaded photos - Add symlink from standalone uploads to main uploads directory - Ensures real-time access to newly uploaded photos - Fixes issue where user selfies weren't showing on celebration screen
[2025-10-19 13:03:02] ✓ Code updated to latest version
[2025-10-19 13:03:02] === STEP 3: Updating environment variables ===
[2025-10-19 13:03:02] ✓ Backed up existing .env
[2025-10-19 13:03:02] Bio already configured
[2025-10-19 13:03:02] ✓ Environment configured
[2025-10-19 13:03:02] === STEP 4: Installing dependencies ===

> contact-exchange@0.1.0 postinstall
> prisma generate

Environment variables loaded from .env
Prisma schema loaded from prisma/schema.prisma

✔ Generated Prisma Client (v5.22.0) to ./node_modules/@prisma/client in 137ms

Start by importing your Prisma Client (See: https://pris.ly/d/importing-client)

Tip: Need your database queries to be 1000x faster? Accelerate offers you that and more: https://pris.ly/tip-2-accelerate


up to date, audited 515 packages in 6s

171 packages are looking for funding
  run `npm fund` for details

1 critical severity vulnerability

To address all issues, run:
  npm audit fix --force

Run `npm audit` for details.
[2025-10-19 13:03:08] ✓ Dependencies installed
[2025-10-19 13:03:08] === STEP 5: Creating missing UI components ===
[2025-10-19 13:03:08] Dialog component already exists
[2025-10-19 13:03:08] === STEP 6: Running database migration ===
Environment variables loaded from .env
Prisma schema loaded from prisma/schema.prisma
Datasource "db": PostgreSQL database "contact_exchange", schema "public" at "localhost:5432"

The database is already in sync with the Prisma schema.

Environment variables loaded from .env
Prisma schema loaded from prisma/schema.prisma

✔ Generated Prisma Client (v5.22.0) to ./node_modules/@prisma/client in 166ms

Start by importing your Prisma Client (See: https://pris.ly/d/importing-client)

Tip: Want to turn off tips and other hints? https://pris.ly/tip-4-nohints

[2025-10-19 13:03:13] ✓ Database updated with photo and conference fields
[2025-10-19 13:03:13] === STEP 7: Creating uploads directory ===
[2025-10-19 13:03:13] ✓ Uploads directory ready
[2025-10-19 13:03:13] === STEP 8: Building application ===

> contact-exchange@0.1.0 build
> next build

 ⚠ Invalid next.config.js options detected: 
 ⚠     Unrecognized key(s) in object: 'isrMemoryCacheSize' at "experimental"
 ⚠ See more info here: https://nextjs.org/docs/messages/invalid-next-config
  ▲ Next.js 14.2.14
  - Environments: .env

   Creating an optimized production build ...
 ✓ Compiled successfully
   Linting and checking validity of types ...
   Collecting page data ...
Resend API key not configured. Email features will be disabled.
Twilio credentials not configured. SMS features will be disabled.
   Generating static pages (0/8) ...
   Generating static pages (2/8) 
   Generating static pages (4/8) 
   Generating static pages (6/8) 
 ✓ Generating static pages (8/8)
   Finalizing page optimization ...
   Collecting build traces ...

Route (app)                              Size     First Load JS
┌ ƒ /                                    142 B          87.3 kB
├ ○ /_not-found                          142 B          87.3 kB
├ ○ /admin                               31.3 kB         137 kB
├ ƒ /api/communications/email            0 B                0 B
├ ƒ /api/communications/sms              0 B                0 B
├ ƒ /api/contacts/[id]                   0 B                0 B
├ ƒ /api/contacts/[id]/communications    0 B                0 B
├ ƒ /api/contacts/[id]/status            0 B                0 B
├ ƒ /api/contacts/[id]/vcard             0 B                0 B
├ ƒ /api/contacts/list                   0 B                0 B
├ ƒ /api/contacts/submit                 0 B                0 B
├ ƒ /api/templates                       0 B                0 B
├ ƒ /api/upload/photo                    0 B                0 B
├ ○ /api/vcard                           0 B                0 B
└ ƒ /me                                  10.3 kB         112 kB
+ First Load JS shared by all            87.2 kB
  ├ chunks/117-ca9033809cf6eaa2.js       31.6 kB
  ├ chunks/fd9d1056-b88f8a4cc02eef8b.js  53.6 kB
  └ other shared chunks (total)          1.96 kB


○  (Static)   prerendered as static content
ƒ  (Dynamic)  server-rendered on demand

[2025-10-19 13:04:32] ✓ Build complete
[2025-10-19 13:04:32] === STEP 8.5: Setting up standalone static files ===
[2025-10-19 13:04:32] Copying public folder to standalone...
[2025-10-19 13:04:32] Copying .next/static to standalone...
[2025-10-19 13:04:32] Setting up uploads symlink...
[2025-10-19 13:04:32] ✓ Uploads symlinked for real-time access
[2025-10-19 13:04:32] ✓ Standalone static files ready
[2025-10-19 13:04:32] === STEP 9: Starting service ===
[2025-10-19 13:04:37] === STEP 10: Checking service status ===
[2025-10-19 13:04:37] ✓ Service is running
[2025-10-19 13:04:37] === STEP 11: Testing application ===
[2025-10-19 13:04:40] ✓ Local server responding (HTTP 307)
[2025-10-19 13:04:41] ✓ Public domain responding (HTTP 307)
[2025-10-19 13:04:41] 
[2025-10-19 13:04:41] ✨ Your Selfie Experience is LIVE! ✨
[2025-10-19 13:04:41] 
[2025-10-19 13:04:41] 📱 PUBLIC URL:
[2025-10-19 13:04:41]    https://contacts.ideanetworks.com
[2025-10-19 13:04:41] 
[2025-10-19 13:04:41] 🔧 ADMIN DASHBOARD:
[2025-10-19 13:04:41]    https://contacts.ideanetworks.com/admin
[2025-10-19 13:04:41] 
[2025-10-19 13:04:41] ✅ WHAT'S DEPLOYED:
[2025-10-19 13:04:41]    • Landing page with your photo & bio
[2025-10-19 13:04:41]    • Selfie capture experience
[2025-10-19 13:04:41]    • Conference/event tracking
[2025-10-19 13:04:41]    • Fireworks celebration
[2025-10-19 13:04:41]    • vCards with embedded photos
[2025-10-19 13:04:41]    • SMS & LinkedIn integration
[2025-10-19 13:04:41]    • Enhanced admin dashboard
[2025-10-19 13:04:41] 
[2025-10-19 13:04:41] 📋 NEXT STEPS:
[2025-10-19 13:04:41]    1. Test on your phone: https://contacts.ideanetworks.com
[2025-10-19 13:04:41]    2. Allow camera permissions
[2025-10-19 13:04:41]    3. Take a test selfie
[2025-10-19 13:04:41]    4. Check admin dashboard for your test contact
[2025-10-19 13:04:41]    5. Print your QR code!
[2025-10-19 13:04:41] 
[2025-10-19 13:04:41] 🎯 AT THE CONFERENCE:
[2025-10-19 13:04:41]    • Hand them your phone
[2025-10-19 13:04:41]    • Click 'Connect with Hayden'
[2025-10-19 13:04:41]    • Take selfie together (memorable moment!)
[2025-10-19 13:04:41]    • They fill quick form
[2025-10-19 13:04:41]    • Fireworks celebration 🎆
[2025-10-19 13:04:41]    • They download your vCard with photo
[2025-10-19 13:04:41] 
[2025-10-19 13:04:41] Full deployment log: /var/www/contact-exchange/deployment-logs/20251019-130302-selfie-deployment.log
[2025-10-19 13:04:41] Logs will be synced to GitHub automatically
[2025-10-19 13:04:41] === Syncing logs to GitHub ===
