
> contact-exchange@0.1.0 build
> next build

 ⚠ Invalid next.config.js options detected: 
 ⚠     Unrecognized key(s) in object: 'isrMemoryCacheSize' at "experimental"
 ⚠ See more info here: https://nextjs.org/docs/messages/invalid-next-config
  ▲ Next.js 14.2.14
  - Environments: .env

   Creating an optimized production build ...
 ✓ Compiled successfully
   Linting and checking validity of types ...
   Collecting page data ...
   Generating static pages (0/8) ...
   Generating static pages (2/8) 
   Generating static pages (4/8) 
TypeError: a.useState is not a function or its return value is not iterable
    at /var/www/contact-exchange/.next/server/app/_not-found/page.js:1:9449
    at A (/var/www/contact-exchange/.next/server/app/_not-found/page.js:1:9608)
    at eh (/var/www/contact-exchange/node_modules/next/dist/compiled/next-server/app-page.runtime.prod.js:12:134657)
    at e (/var/www/contact-exchange/node_modules/next/dist/compiled/next-server/app-page.runtime.prod.js:12:137542)
    at ek (/var/www/contact-exchange/node_modules/next/dist/compiled/next-server/app-page.runtime.prod.js:12:138016)
    at Array.toJSON (/var/www/contact-exchange/node_modules/next/dist/compiled/next-server/app-page.runtime.prod.js:12:135626)
    at stringify (<anonymous>)
    at eP (/var/www/contact-exchange/node_modules/next/dist/compiled/next-server/app-page.runtime.prod.js:12:142090)
    at eE (/var/www/contact-exchange/node_modules/next/dist/compiled/next-server/app-page.runtime.prod.js:12:142569)
    at AsyncLocalStorage.run (node:async_hooks:346:14) {
  digest: '1305736880'
}
TypeError: a.useState is not a function or its return value is not iterable
    at /var/www/contact-exchange/.next/server/app/_not-found/page.js:1:9449
    at A (/var/www/contact-exchange/.next/server/app/_not-found/page.js:1:9608)
    at eh (/var/www/contact-exchange/node_modules/next/dist/compiled/next-server/app-page.runtime.prod.js:12:134657)
    at e (/var/www/contact-exchange/node_modules/next/dist/compiled/next-server/app-page.runtime.prod.js:12:137542)
    at ek (/var/www/contact-exchange/node_modules/next/dist/compiled/next-server/app-page.runtime.prod.js:12:138016)
    at Array.toJSON (/var/www/contact-exchange/node_modules/next/dist/compiled/next-server/app-page.runtime.prod.js:12:135626)
    at stringify (<anonymous>)
    at eP (/var/www/contact-exchange/node_modules/next/dist/compiled/next-server/app-page.runtime.prod.js:12:142090)
    at eE (/var/www/contact-exchange/node_modules/next/dist/compiled/next-server/app-page.runtime.prod.js:12:142569)
    at Timeout._onTimeout (/var/www/contact-exchange/node_modules/next/dist/compiled/next-server/app-page.runtime.prod.js:12:135346) {
  digest: '476032672'
}
TypeError: a.useState is not a function or its return value is not iterable
    at /var/www/contact-exchange/.next/server/app/_not-found/page.js:1:9449
    at A (/var/www/contact-exchange/.next/server/app/_not-found/page.js:1:9608)
    at eh (/var/www/contact-exchange/node_modules/next/dist/compiled/next-server/app-page.runtime.prod.js:12:134657)
    at e (/var/www/contact-exchange/node_modules/next/dist/compiled/next-server/app-page.runtime.prod.js:12:137542)
    at ek (/var/www/contact-exchange/node_modules/next/dist/compiled/next-server/app-page.runtime.prod.js:12:138016)
    at Array.toJSON (/var/www/contact-exchange/node_modules/next/dist/compiled/next-server/app-page.runtime.prod.js:12:135626)
    at stringify (<anonymous>)
    at eP (/var/www/contact-exchange/node_modules/next/dist/compiled/next-server/app-page.runtime.prod.js:12:142090)
    at eE (/var/www/contact-exchange/node_modules/next/dist/compiled/next-server/app-page.runtime.prod.js:12:142569)
    at Timeout._onTimeout (/var/www/contact-exchange/node_modules/next/dist/compiled/next-server/app-page.runtime.prod.js:12:135346) {
  digest: '476032672'
}

Error occurred prerendering page "/_not-found". Read more: https://nextjs.org/docs/messages/prerender-error

TypeError: a.useState is not a function or its return value is not iterable
    at /var/www/contact-exchange/.next/server/app/_not-found/page.js:1:9449
    at A (/var/www/contact-exchange/.next/server/app/_not-found/page.js:1:9608)
    at eh (/var/www/contact-exchange/node_modules/next/dist/compiled/next-server/app-page.runtime.prod.js:12:134657)
    at e (/var/www/contact-exchange/node_modules/next/dist/compiled/next-server/app-page.runtime.prod.js:12:137542)
    at ek (/var/www/contact-exchange/node_modules/next/dist/compiled/next-server/app-page.runtime.prod.js:12:138016)
    at Array.toJSON (/var/www/contact-exchange/node_modules/next/dist/compiled/next-server/app-page.runtime.prod.js:12:135626)
    at stringify (<anonymous>)
    at eP (/var/www/contact-exchange/node_modules/next/dist/compiled/next-server/app-page.runtime.prod.js:12:142090)
    at eE (/var/www/contact-exchange/node_modules/next/dist/compiled/next-server/app-page.runtime.prod.js:12:142569)
    at AsyncLocalStorage.run (node:async_hooks:346:14)
TypeError: a.useState is not a function or its return value is not iterable
    at /var/www/contact-exchange/.next/server/app/_not-found/page.js:1:9449
    at A (/var/www/contact-exchange/.next/server/app/_not-found/page.js:1:9608)
    at eh (/var/www/contact-exchange/node_modules/next/dist/compiled/next-server/app-page.runtime.prod.js:12:134657)
    at e (/var/www/contact-exchange/node_modules/next/dist/compiled/next-server/app-page.runtime.prod.js:12:137542)
    at ek (/var/www/contact-exchange/node_modules/next/dist/compiled/next-server/app-page.runtime.prod.js:12:138016)
    at Array.toJSON (/var/www/contact-exchange/node_modules/next/dist/compiled/next-server/app-page.runtime.prod.js:12:135626)
    at stringify (<anonymous>)
    at eP (/var/www/contact-exchange/node_modules/next/dist/compiled/next-server/app-page.runtime.prod.js:12:142090)
    at eE (/var/www/contact-exchange/node_modules/next/dist/compiled/next-server/app-page.runtime.prod.js:12:142569)
    at AsyncLocalStorage.run (node:async_hooks:346:14) {
  digest: '1305736880'
}
TypeError: a.useState is not a function or its return value is not iterable
    at /var/www/contact-exchange/.next/server/app/_not-found/page.js:1:9449
    at A (/var/www/contact-exchange/.next/server/app/_not-found/page.js:1:9608)
    at eh (/var/www/contact-exchange/node_modules/next/dist/compiled/next-server/app-page.runtime.prod.js:12:134657)
    at e (/var/www/contact-exchange/node_modules/next/dist/compiled/next-server/app-page.runtime.prod.js:12:137542)
    at ek (/var/www/contact-exchange/node_modules/next/dist/compiled/next-server/app-page.runtime.prod.js:12:138016)
    at Array.toJSON (/var/www/contact-exchange/node_modules/next/dist/compiled/next-server/app-page.runtime.prod.js:12:135626)
    at stringify (<anonymous>)
    at eP (/var/www/contact-exchange/node_modules/next/dist/compiled/next-server/app-page.runtime.prod.js:12:142090)
    at eE (/var/www/contact-exchange/node_modules/next/dist/compiled/next-server/app-page.runtime.prod.js:12:142569)
    at Timeout._onTimeout (/var/www/contact-exchange/node_modules/next/dist/compiled/next-server/app-page.runtime.prod.js:12:135346) {
  digest: '476032672'
}
TypeError: a.useState is not a function or its return value is not iterable
    at /var/www/contact-exchange/.next/server/app/_not-found/page.js:1:9449
    at A (/var/www/contact-exchange/.next/server/app/_not-found/page.js:1:9608)
    at eh (/var/www/contact-exchange/node_modules/next/dist/compiled/next-server/app-page.runtime.prod.js:12:134657)
    at e (/var/www/contact-exchange/node_modules/next/dist/compiled/next-server/app-page.runtime.prod.js:12:137542)
    at ek (/var/www/contact-exchange/node_modules/next/dist/compiled/next-server/app-page.runtime.prod.js:12:138016)
    at Array.toJSON (/var/www/contact-exchange/node_modules/next/dist/compiled/next-server/app-page.runtime.prod.js:12:135626)
    at stringify (<anonymous>)
    at eP (/var/www/contact-exchange/node_modules/next/dist/compiled/next-server/app-page.runtime.prod.js:12:142090)
    at eE (/var/www/contact-exchange/node_modules/next/dist/compiled/next-server/app-page.runtime.prod.js:12:142569)
    at Timeout._onTimeout (/var/www/contact-exchange/node_modules/next/dist/compiled/next-server/app-page.runtime.prod.js:12:135346) {
  digest: '476032672'
}

Error occurred prerendering page "/admin". Read more: https://nextjs.org/docs/messages/prerender-error

TypeError: a.useState is not a function or its return value is not iterable
    at /var/www/contact-exchange/.next/server/app/_not-found/page.js:1:9449
    at A (/var/www/contact-exchange/.next/server/app/_not-found/page.js:1:9608)
    at eh (/var/www/contact-exchange/node_modules/next/dist/compiled/next-server/app-page.runtime.prod.js:12:134657)
    at e (/var/www/contact-exchange/node_modules/next/dist/compiled/next-server/app-page.runtime.prod.js:12:137542)
    at ek (/var/www/contact-exchange/node_modules/next/dist/compiled/next-server/app-page.runtime.prod.js:12:138016)
    at Array.toJSON (/var/www/contact-exchange/node_modules/next/dist/compiled/next-server/app-page.runtime.prod.js:12:135626)
    at stringify (<anonymous>)
    at eP (/var/www/contact-exchange/node_modules/next/dist/compiled/next-server/app-page.runtime.prod.js:12:142090)
    at eE (/var/www/contact-exchange/node_modules/next/dist/compiled/next-server/app-page.runtime.prod.js:12:142569)
    at AsyncLocalStorage.run (node:async_hooks:346:14)
   Generating static pages (6/8) 
 ✓ Generating static pages (8/8)

> Export encountered errors on following paths:
	/_not-found/page: /_not-found
	/admin/page: /admin
