[2025-10-19 16:31:37] === Checking requirements ===
[0;32m✓ Requirements met[0m
[2025-10-19 16:31:37] === STEP 1: Initial setup or update ===
[2025-10-19 16:31:37] SaaS instance exists - updating...
[2025-10-19 16:31:37] Fetching latest code...
[0;32m✓ Code updated[0m
[2025-10-19 16:31:37] === SaaS Deployment Started ===
[2025-10-19 16:31:37] Timestamp: 20251019_163137
[2025-10-19 16:31:37] Branch: feature/viral-saas
[2025-10-19 16:31:37] Configuring git for automated log syncing...
[0;32m✓ Git configured: hbarker@ideanetworks.com[0m
[2025-10-19 16:31:37] === STEP 2: Installing dependencies ===
[2025-10-19 16:31:37] Running npm install...

> contact-exchange@0.1.0 postinstall
> prisma generate

Environment variables loaded from .env
Prisma schema loaded from prisma/schema.prisma

✔ Generated Prisma Client (v5.22.0) to ./node_modules/@prisma/client in 187ms

Start by importing your Prisma Client (See: https://pris.ly/d/importing-client)

Help us improve the Prisma ORM for everyone. Share your feedback in a short 2-min survey: https://pris.ly/orm/survey/release-5-22


up to date, audited 517 packages in 6s

171 packages are looking for funding
  run `npm fund` for details

1 critical severity vulnerability

To address all issues, run:
  npm audit fix --force

Run `npm audit` for details.
[0;32m✓ Dependencies installed[0m
[2025-10-19 16:31:43] === STEP 3: Configuring database ===
[0;32m✓ Database contact_exchange_saas exists[0m
[2025-10-19 16:31:43] === STEP 4: Configuring environment ===
[2025-10-19 16:31:43] Backed up existing .env
[2025-10-19 16:31:43] Updating DATABASE_URL...
[2025-10-19 16:31:43] Updating NEXT_PUBLIC_APP_URL...
[0;32m✓ Environment configured[0m
[2025-10-19 16:31:43] === STEP 5: Updating database schema ===
[2025-10-19 16:31:43] Pushing schema to database (creates/updates tables)...
Environment variables loaded from .env
Prisma schema loaded from prisma/schema.prisma
Datasource "db": PostgreSQL database "contact_exchange_saas", schema "public" at "localhost:5432"

The database is already in sync with the Prisma schema.

[2025-10-19 16:31:45] Generating Prisma client...
Environment variables loaded from .env
Prisma schema loaded from prisma/schema.prisma

✔ Generated Prisma Client (v5.22.0) to ./node_modules/@prisma/client in 174ms

Start by importing your Prisma Client (See: https://pris.ly/d/importing-client)

Tip: Want to react to database changes in your app as they happen? Discover how with Pulse: https://pris.ly/tip-1-pulse

[0;32m✓ Database schema updated[0m
[2025-10-19 16:31:48] Verifying database schema...
[0;32m✓ ✓ users table exists[0m
[0;32m✓ ✓ contacts table exists[0m
[2025-10-19 16:31:49] === STEP 6: Creating/updating systemd service ===
[2025-10-19 16:31:49] Creating service file...
[0;32m✓ Service file created[0m
[2025-10-19 16:31:49] === STEP 7: Building application ===
[2025-10-19 16:31:49] Running npm run build (this takes ~90 seconds)...

> contact-exchange@0.1.0 build
> next build

 ⚠ Invalid next.config.js options detected: 
 ⚠     Unrecognized key(s) in object: 'isrMemoryCacheSize' at "experimental"
 ⚠ See more info here: https://nextjs.org/docs/messages/invalid-next-config
  ▲ Next.js 14.2.14
  - Environments: .env

   Creating an optimized production build ...
 ✓ Compiled successfully
   Linting and checking validity of types ...
   Collecting page data ...
   Generating static pages (0/11) ...
   Generating static pages (2/11) 
Check slug error: B [Error]: Dynamic server usage: Route /api/users/check-slug couldn't be rendered statically because it used `request.url`. See more info here: https://nextjs.org/docs/messages/dynamic-server-error
    at V (/var/www/contact-exchange-saas/node_modules/next/dist/compiled/next-server/app-route.runtime.prod.js:6:21777)
    at Object.get (/var/www/contact-exchange-saas/node_modules/next/dist/compiled/next-server/app-route.runtime.prod.js:6:29137)
    at c (/var/www/contact-exchange-saas/.next/server/app/api/users/check-slug/route.js:1:555)
    at /var/www/contact-exchange-saas/node_modules/next/dist/compiled/next-server/app-route.runtime.prod.js:6:36963
    at /var/www/contact-exchange-saas/node_modules/next/dist/server/lib/trace/tracer.js:140:36
    at NoopContextManager.with (/var/www/contact-exchange-saas/node_modules/next/dist/compiled/@opentelemetry/api/index.js:1:7062)
    at ContextAPI.with (/var/www/contact-exchange-saas/node_modules/next/dist/compiled/@opentelemetry/api/index.js:1:518)
    at NoopTracer.startActiveSpan (/var/www/contact-exchange-saas/node_modules/next/dist/compiled/@opentelemetry/api/index.js:1:18093)
    at ProxyTracer.startActiveSpan (/var/www/contact-exchange-saas/node_modules/next/dist/compiled/@opentelemetry/api/index.js:1:18854)
    at /var/www/contact-exchange-saas/node_modules/next/dist/server/lib/trace/tracer.js:122:103 {
  description: "Route /api/users/check-slug couldn't be rendered statically because it used `request.url`. See more info here: https://nextjs.org/docs/messages/dynamic-server-error",
  digest: 'DYNAMIC_SERVER_USAGE'
}
   Generating static pages (5/11) 
   Generating static pages (8/11) 
 ✓ Generating static pages (11/11)
   Finalizing page optimization ...
   Collecting build traces ...

Route (app)                              Size     First Load JS
┌ ƒ /                                    142 B          87.3 kB
├ ○ /_not-found                          142 B          87.3 kB
├ ○ /admin                               31.9 kB         137 kB
├ ƒ /api/communications/email            0 B                0 B
├ ƒ /api/communications/sms              0 B                0 B
├ ƒ /api/contacts/[id]                   0 B                0 B
├ ƒ /api/contacts/[id]/communications    0 B                0 B
├ ƒ /api/contacts/[id]/status            0 B                0 B
├ ƒ /api/contacts/[id]/vcard             0 B                0 B
├ ƒ /api/contacts/list                   0 B                0 B
├ ƒ /api/contacts/submit                 0 B                0 B
├ ƒ /api/debug                           0 B                0 B
├ ƒ /api/templates                       0 B                0 B
├ ƒ /api/test/email                      0 B                0 B
├ ƒ /api/test/sms                        0 B                0 B
├ ƒ /api/upload/photo                    0 B                0 B
├ ƒ /api/uploads/[...path]               0 B                0 B
├ ƒ /api/users/check-slug                0 B                0 B
├ ƒ /api/users/signup                    0 B                0 B
├ ○ /api/vcard                           0 B                0 B
├ ○ /get-started                         4.36 kB         105 kB
├ ƒ /me                                  145 B           112 kB
└ ƒ /u/[username]                        145 B           112 kB
+ First Load JS shared by all            87.2 kB
  ├ chunks/117-ca9033809cf6eaa2.js       31.6 kB
  ├ chunks/fd9d1056-b88f8a4cc02eef8b.js  53.6 kB
  └ other shared chunks (total)          1.96 kB


○  (Static)   prerendered as static content
ƒ  (Dynamic)  server-rendered on demand

[0;32m✓ Build completed successfully[0m
[2025-10-19 16:33:04] === STEP 8: Setting up static files ===
[2025-10-19 16:33:04] Copying documents from production...
[2025-10-19 16:33:04] Copying images from production...
[0;32m✓ Static files configured[0m
[2025-10-19 16:33:04] === STEP 9: Configuring Nginx and SSL ===
[0;32m✓ Nginx already installed[0m
[0;32m✓ Certbot already installed[0m
[2025-10-19 16:33:04] Creating Nginx configuration for saas.contacts.ideanetworks.com...
nginx: the configuration file /etc/nginx/nginx.conf syntax is ok
nginx: configuration file /etc/nginx/nginx.conf test is successful
[0;32m✓ Nginx configuration valid[0m
[0;32m✓ Nginx reloaded[0m
[2025-10-19 16:33:04] Obtaining SSL certificate from Let's Encrypt...
[2025-10-19 16:33:04] This may take 30-60 seconds...
Saving debug log to /var/log/letsencrypt/letsencrypt.log
Requesting a certificate for saas.contacts.ideanetworks.com

Successfully received certificate.
Certificate is saved at: /etc/letsencrypt/live/saas.contacts.ideanetworks.com/fullchain.pem
Key is saved at:         /etc/letsencrypt/live/saas.contacts.ideanetworks.com/privkey.pem
This certificate expires on 2026-01-17.
These files will be updated when the certificate renews.
Certbot has set up a scheduled task to automatically renew this certificate in the background.

Deploying certificate
Successfully deployed certificate for saas.contacts.ideanetworks.com to /etc/nginx/sites-enabled/contact-exchange-saas
Congratulations! You have successfully enabled HTTPS on https://saas.contacts.ideanetworks.com

- - - - - - - - - - - - - - - - - - - - - - - - - - - - - - - - - - - - - - - -
If you like Certbot, please consider supporting our work by:
 * Donating to ISRG / Let's Encrypt:   https://letsencrypt.org/donate
 * Donating to EFF:                    https://eff.org/donate-le
- - - - - - - - - - - - - - - - - - - - - - - - - - - - - - - - - - - - - - - -
[0;32m✓ SSL certificate obtained and configured[0m
[0;32m✓ SSL auto-renewal already enabled[0m
[2025-10-19 16:33:18] === STEP 10: Starting service ===
Created symlink /etc/systemd/system/multi-user.target.wants/contact-exchange-saas.service → /etc/systemd/system/contact-exchange-saas.service.
[0;32m✓ Service started successfully[0m
[2025-10-19 16:33:22] === STEP 11: Verifying deployment ===
[1;33m⚠ Port 3001 not listening[0m
[2025-10-19 16:33:24] Testing local connection...
[1;33m⚠ Local connection returned HTTP 307[0m
[2025-10-19 16:33:24] Checking database...
[2025-10-19 16:33:24] Database stats:
[2025-10-19 16:33:24]   • Users: 0
[2025-10-19 16:33:24]   • Contacts: 0
[0;32m✓ Verification complete[0m
[2025-10-19 16:33:24] === STEP 12: Testing Communication Features ===
[2025-10-19 16:33:29] Testing SMS (Twilio)...
[0;32m✓ ✓ SMS test sent to +16476242735[0m
[2025-10-19 16:33:31] Testing Email (Resend)...
[0;32m✓ ✓ Email test sent to hbarker@ideanetworks.com[0m
[2025-10-19 16:33:31] === All steps completed successfully ===


==================================================
  🎉 SaaS Deployment Complete!
  Status: ✅ SUCCESS
==================================================

📍 Configuration:
   Directory: /var/www/contact-exchange-saas
   Database: contact_exchange_saas
   Service: contact-exchange-saas
   Port: 3001
   Branch: feature/viral-saas
   Log File: /var/www/contact-exchange-saas/deployment-logs/saas-deploy-20251019_163137.log
   Timestamp: 20251019_163137

🌍 Application:
   URL: https://saas.contacts.ideanetworks.com
   SSL: Configured and auto-renewing
   Service Status: active

📊 Quick Commands:
   sudo systemctl status contact-exchange-saas
   journalctl -u contact-exchange-saas -f
   sudo systemctl restart contact-exchange-saas

🔍 Database Check:
   psql -d contact_exchange_saas -c 'SELECT COUNT(*) FROM users;'
   psql -d contact_exchange_saas -c 'SELECT COUNT(*) FROM contacts;'

📝 Logs synced to GitHub:
   Repository: https://github.com/haydenbarker-idea/idea_contact_manager
   Branch: feature/viral-saas
   Path: deployment-logs/
   Pull locally to review in Cursor!

🚀 Test the viral loop:
   1. Visit https://saas.contacts.ideanetworks.com
   2. Submit contact → Click 'I Want This!'
   3. Complete onboarding → Get your page!

✅ Production (contacts.ideanetworks.com) untouched!
==================================================

[2025-10-19 16:33:31] === DEPLOYMENT SUCCESS ===
[2025-10-19 16:33:31] Completed at: 2025-10-19 16:33:31
[2025-10-19 16:33:31] === STEP 13: Syncing logs to GitHub ===
[2025-10-19 16:33:31] Adding deployment logs...
