[2025-10-19 17:09:20] === Checking requirements ===
[0;32m✓ Requirements met[0m
[2025-10-19 17:09:20] === STEP 1: Initial setup or update ===
[2025-10-19 17:09:20] SaaS instance exists - updating...
[2025-10-19 17:09:20] Stopping service...
[0;32m✓ Service stopped[0m
[2025-10-19 17:09:20] Fetching latest code...
[0;32m✓ Code updated[0m
[2025-10-19 17:09:20] === SaaS Deployment Started ===
[2025-10-19 17:09:20] Timestamp: 20251019_170920
[2025-10-19 17:09:20] Branch: feature/viral-saas
[2025-10-19 17:09:20] Configuring git for automated log syncing...
[0;32m✓ Git configured: hbarker@ideanetworks.com[0m
[2025-10-19 17:09:20] === STEP 2: Installing dependencies ===
[2025-10-19 17:09:20] Running npm install...

> contact-exchange@0.1.0 postinstall
> prisma generate

Environment variables loaded from .env
Prisma schema loaded from prisma/schema.prisma

✔ Generated Prisma Client (v5.22.0) to ./node_modules/@prisma/client in 164ms

Start by importing your Prisma Client (See: https://pris.ly/d/importing-client)

Help us improve the Prisma ORM for everyone. Share your feedback in a short 2-min survey: https://pris.ly/orm/survey/release-5-22


up to date, audited 517 packages in 6s

171 packages are looking for funding
  run `npm fund` for details

1 critical severity vulnerability

To address all issues, run:
  npm audit fix --force

Run `npm audit` for details.
[0;32m✓ Dependencies installed[0m
[2025-10-19 17:09:27] === STEP 3: Configuring database ===
[0;32m✓ Database contact_exchange_saas exists[0m
[2025-10-19 17:09:27] === STEP 4: Configuring environment ===
[2025-10-19 17:09:27] Backed up existing .env
[2025-10-19 17:09:27] Updating DATABASE_URL...
[2025-10-19 17:09:27] Updating NEXT_PUBLIC_APP_URL...
[0;32m✓ Environment configured[0m
[2025-10-19 17:09:27] === STEP 5: Updating database schema ===
[2025-10-19 17:09:27] Pushing schema to database (creates/updates tables)...
Environment variables loaded from .env
Prisma schema loaded from prisma/schema.prisma
Datasource "db": PostgreSQL database "contact_exchange_saas", schema "public" at "localhost:5432"

The database is already in sync with the Prisma schema.

[2025-10-19 17:09:29] Generating Prisma client...
Environment variables loaded from .env
Prisma schema loaded from prisma/schema.prisma

✔ Generated Prisma Client (v5.22.0) to ./node_modules/@prisma/client in 181ms

Start by importing your Prisma Client (See: https://pris.ly/d/importing-client)

Tip: Want to react to database changes in your app as they happen? Discover how with Pulse: https://pris.ly/tip-1-pulse

[0;32m✓ Database schema updated[0m
[2025-10-19 17:09:32] Verifying database schema...
[0;32m✓ ✓ users table exists[0m
[0;32m✓ ✓ contacts table exists[0m
[2025-10-19 17:09:32] === STEP 6: Creating/updating systemd service ===
[2025-10-19 17:09:32] Creating service file...
[0;32m✓ Service file created[0m
[2025-10-19 17:09:32] === STEP 7: Building application ===
[2025-10-19 17:09:32] Running npm run build (this takes ~90 seconds)...

> contact-exchange@0.1.0 build
> next build

 ⚠ Invalid next.config.js options detected: 
 ⚠     Unrecognized key(s) in object: 'isrMemoryCacheSize' at "experimental"
 ⚠ See more info here: https://nextjs.org/docs/messages/invalid-next-config
  ▲ Next.js 14.2.14
  - Environments: .env

   Creating an optimized production build ...
 ✓ Compiled successfully
   Linting and checking validity of types ...
Failed to compile.

./src/app/get-started/page.tsx:134:9
Type error: Cannot find name 'toast'.

[0m [90m 132 |[39m         [0m
[0m [90m 133 |[39m         [90m// Show success message[39m[0m
[0m[31m[1m>[22m[39m[90m 134 |[39m         toast({[0m
[0m [90m     |[39m         [31m[1m^[22m[39m[0m
[0m [90m 135 |[39m           title[33m:[39m [32m'🎉 Account Created!'[39m[33m,[39m[0m
[0m [90m 136 |[39m           description[33m:[39m [32m'Redirecting to your new page...'[39m[33m,[39m[0m
[0m [90m 137 |[39m         })[0m
[2025-10-19 17:10:19] === STEP 13: Syncing logs to GitHub ===
[2025-10-19 17:10:19] Adding deployment logs...
