[2025-10-19 15:47:21] === Checking requirements ===
[0;32m✓ Requirements met[0m
[2025-10-19 15:47:21] === STEP 1: Initial setup or update ===
[2025-10-19 15:47:21] SaaS instance exists - updating...
[2025-10-19 15:47:21] Fetching latest code...
[0;32m✓ Code updated[0m
[2025-10-19 15:47:21] === SaaS Deployment Started ===
[2025-10-19 15:47:21] Timestamp: 20251019_154721
[2025-10-19 15:47:21] Branch: feature/viral-saas
[2025-10-19 15:47:21] === STEP 2: Installing dependencies ===
[2025-10-19 15:47:21] Running npm install...

> contact-exchange@0.1.0 postinstall
> prisma generate

Environment variables loaded from .env
Prisma schema loaded from prisma/schema.prisma

✔ Generated Prisma Client (v5.22.0) to ./node_modules/@prisma/client in 176ms

Start by importing your Prisma Client (See: https://pris.ly/d/importing-client)

Tip: Want to react to database changes in your app as they happen? Discover how with Pulse: https://pris.ly/tip-1-pulse


up to date, audited 517 packages in 6s

171 packages are looking for funding
  run `npm fund` for details

1 critical severity vulnerability

To address all issues, run:
  npm audit fix --force

Run `npm audit` for details.
[0;32m✓ Dependencies installed[0m
[2025-10-19 15:47:27] === STEP 3: Configuring database ===
[0;32m✓ Database contact_exchange_saas exists[0m
[2025-10-19 15:47:27] === STEP 4: Configuring environment ===
[2025-10-19 15:47:27] Backed up existing .env
[2025-10-19 15:47:27] Updating DATABASE_URL...
[2025-10-19 15:47:27] Updating NEXT_PUBLIC_APP_URL...
[0;32m✓ Environment configured[0m
[2025-10-19 15:47:27] === STEP 5: Updating database schema ===
[2025-10-19 15:47:27] Pushing schema to database (creates/updates tables)...
Environment variables loaded from .env
Prisma schema loaded from prisma/schema.prisma
Datasource "db": PostgreSQL database "contact_exchange_saas", schema "public" at "localhost:5432"

The database is already in sync with the Prisma schema.

[2025-10-19 15:47:29] Generating Prisma client...
Environment variables loaded from .env
Prisma schema loaded from prisma/schema.prisma

✔ Generated Prisma Client (v5.22.0) to ./node_modules/@prisma/client in 208ms

Start by importing your Prisma Client (See: https://pris.ly/d/importing-client)

Tip: Want real-time updates to your database without manual polling? Discover how with Pulse: https://pris.ly/tip-0-pulse

[0;32m✓ Database schema updated[0m
[2025-10-19 15:47:32] Verifying database schema...
[0;32m✓ ✓ users table exists[0m
[0;32m✓ ✓ contacts table exists[0m
[2025-10-19 15:47:33] === STEP 6: Creating/updating systemd service ===
[2025-10-19 15:47:33] Creating service file...
[0;32m✓ Service file created[0m
[2025-10-19 15:47:33] === STEP 7: Building application ===
[2025-10-19 15:47:33] Running npm run build (this takes ~90 seconds)...

> contact-exchange@0.1.0 build
> next build

 ⚠ Invalid next.config.js options detected: 
 ⚠     Unrecognized key(s) in object: 'isrMemoryCacheSize' at "experimental"
 ⚠ See more info here: https://nextjs.org/docs/messages/invalid-next-config
  ▲ Next.js 14.2.14
  - Environments: .env

   Creating an optimized production build ...
 ✓ Compiled successfully
   Linting and checking validity of types ...
Failed to compile.

./src/app/api/users/check-slug/route.ts:28:11
Type error: Object literal may only specify known properties, and 'available' does not exist in type 'ApiResponse<any>'.

[0m [90m 26 |[39m         {[0m
[0m [90m 27 |[39m           success[33m:[39m [36mfalse[39m[33m,[39m[0m
[0m[31m[1m>[22m[39m[90m 28 |[39m           available[33m:[39m [36mfalse[39m[33m,[39m[0m
[0m [90m    |[39m           [31m[1m^[22m[39m[0m
[0m [90m 29 |[39m           error[33m:[39m {[0m
[0m [90m 30 |[39m             code[33m:[39m [32m'INVALID_SLUG'[39m[33m,[39m[0m
[0m [90m 31 |[39m             message[33m:[39m [32m'Slug must be 3-50 characters, lowercase letters, numbers, and hyphens only'[39m[33m,[39m[0m
[0;31m✗ Build failed - server.js not found[0m
[0;31m✗ Check logs: /var/www/contact-exchange-saas/deployment-logs/saas-deploy-20251019_154721.log[0m
